<?xml version="1.0" encoding="UTF-8"?>
<!-- Generated by org.testng.reporters.JUnitReportReporter -->
<testsuite hostname="NIS-PC053" name="Testcases.BulkLeads" tests="1" failures="0" timestamp="27 Dec 2018 10:33:17 GMT" time="6.976" errors="0">
  <testcase name="login" time="6.976" classname="Testcases.BulkLeads"/>
</testsuite> <!-- Testcases.BulkLeads -->
